Build started 9/6/2013 4:05:35 PM.
     1>Project "C:\Users\SAAS Student\Documents\Visual Studio 2010\Projects\MayanNumbers\MayanNumbers\MayanNumbers.vcxproj" on node 2 (build target(s)).
     1>InitializeBuildStatus:
         Creating "Debug\MayanNumbers.unsuccessfulbuild" because "AlwaysCreate" was specified.
       GenerateTargetFrameworkMonikerAttribute:
       Skipping target "GenerateTargetFrameworkMonikerAttribute" because all output files are up-to-date with respect to the input files.
       ClCompile:
         All outputs are up-to-date.
         c:\Program Files (x86)\Microsoft Visual Studio 10.0\VC\bin\CL.exe /c /AI"C:\Program Files (x86)\Reference Assemblies\Microsoft\Framework\.NETFramework\v4.0" /Zi /clr /nologo /W3 /WX- /Od /Oy- /D WIN32 /D _DEBUG /D _UNICODE /D UNICODE /EHa /MDd /GS /fp:precise /Zc:wchar_t /Zc:forScope /Yu"StdAfx.h" /Fp"Debug\MayanNumbers.pch" /Fo"Debug\\" /Fd"Debug\vc100.pdb" /TP /FU"C:\Program Files (x86)\Reference Assemblies\Microsoft\Framework\.NETFramework\v4.0\System.Core.dll" /FU"C:\Program Files (x86)\Reference Assemblies\Microsoft\Framework\.NETFramework\v4.0\System.Data.dll" /FU"C:\Program Files (x86)\Reference Assemblies\Microsoft\Framework\.NETFramework\v4.0\System.dll" /FU"C:\Program Files (x86)\Reference Assemblies\Microsoft\Framework\.NETFramework\v4.0\System.Xml.dll" /analyze- /errorReport:prompt MayanNumbers.cpp /clr:nostdlib 
         MayanNumbers.cpp
     1>MayanNumbers.cpp(41): warning C4244: '=' : conversion from 'int' to 'float', possible loss of data
     1>MayanNumbers.cpp(42): warning C4244: '=' : conversion from 'float' to 'int', possible loss of data
     1>MayanNumbers.cpp(43): warning C4244: '=' : conversion from 'int' to 'float', possible loss of data
     1>MayanNumbers.cpp(44): warning C4244: '=' : conversion from 'float' to 'int', possible loss of data
     1>MayanNumbers.cpp(45): warning C4244: '=' : conversion from 'int' to 'float', possible loss of data
     1>MayanNumbers.cpp(46): warning C4244: '=' : conversion from 'float' to 'int', possible loss of data
         All outputs are up-to-date.
       ResourceCompile:
         All outputs are up-to-date.
       Link:
         c:\Program Files (x86)\Microsoft Visual Studio 10.0\VC\bin\link.exe /ERRORREPORT:PROMPT /OUT:"C:\Users\SAAS Student\Documents\Visual Studio 2010\Projects\MayanNumbers\Debug\MayanNumbers.exe" /INCREMENTAL /NOLOGO /MANIFEST /ManifestFile:"Debug\MayanNumbers.exe.intermediate.manifest" /MANIFESTUAC:"level='asInvoker' uiAccess='false'" /DEBUG /PDB:"C:\Users\SAAS Student\Documents\Visual Studio 2010\Projects\MayanNumbers\Debug\MayanNumbers.pdb" /ASSEMBLYDEBUG /TLBID:1 /DYNAMICBASE /FIXED:NO /NXCOMPAT /MACHINE:X86 Debug\app.res
         Debug\AssemblyInfo.obj
         Debug\MayanNumbers.obj
         Debug\stdafx.obj
         "Debug\.NETFramework,Version=v4.0.AssemblyAttributes.obj"
         MayanNumbers.vcxproj -> C:\Users\SAAS Student\Documents\Visual Studio 2010\Projects\MayanNumbers\Debug\MayanNumbers.exe
       Manifest:
         C:\Program Files (x86)\Microsoft SDKs\Windows\v7.0A\bin\mt.exe /nologo /verbose /outputresource:"C:\Users\SAAS Student\Documents\Visual Studio 2010\Projects\MayanNumbers\Debug\MayanNumbers.exe;#1" /manifest Debug\MayanNumbers.exe.intermediate.manifest
       FinalizeBuildStatus:
         Deleting file "Debug\MayanNumbers.unsuccessfulbuild".
         Touching "Debug\MayanNumbers.lastbuildstate".
     1>Done Building Project "C:\Users\SAAS Student\Documents\Visual Studio 2010\Projects\MayanNumbers\MayanNumbers\MayanNumbers.vcxproj" (build target(s)).

Build succeeded.

Time Elapsed 00:00:01.86
